  glad.c
  main.cpp
C:\Users\thoma\Documents\work\Advanced Shaders p16203335\AdvancedShaders\AdvancedShaders\AdvancedShaders\main.cpp(30,24): warning C4305: 'initializing': truncation from 'double' to 'float'
C:\Users\thoma\Documents\work\Advanced Shaders p16203335\AdvancedShaders\AdvancedShaders\AdvancedShaders\main.cpp(106,22): warning C4244: 'initializing': conversion from 'double' to 'float', possible loss of data
C:\Users\thoma\Documents\work\Advanced Shaders p16203335\AdvancedShaders\AdvancedShaders\AdvancedShaders\main.cpp(325,11): warning C4244: '=': conversion from 'double' to 'float', possible loss of data
C:\Users\thoma\Documents\work\Advanced Shaders p16203335\AdvancedShaders\AdvancedShaders\AdvancedShaders\main.cpp(326,11): warning C4244: '=': conversion from 'double' to 'float', possible loss of data
C:\Users\thoma\Documents\work\Advanced Shaders p16203335\AdvancedShaders\AdvancedShaders\AdvancedShaders\main.cpp(330,16): warning C4244: 'initializing': conversion from 'double' to 'float', possible loss of data
C:\Users\thoma\Documents\work\Advanced Shaders p16203335\AdvancedShaders\AdvancedShaders\AdvancedShaders\main.cpp(331,16): warning C4244: 'initializing': conversion from 'double' to 'float', possible loss of data
C:\Users\thoma\Documents\work\Advanced Shaders p16203335\AdvancedShaders\AdvancedShaders\AdvancedShaders\main.cpp(333,10): warning C4244: '=': conversion from 'double' to 'float', possible loss of data
C:\Users\thoma\Documents\work\Advanced Shaders p16203335\AdvancedShaders\AdvancedShaders\AdvancedShaders\main.cpp(334,10): warning C4244: '=': conversion from 'double' to 'float', possible loss of data
C:\Users\thoma\Documents\work\Advanced Shaders p16203335\AdvancedShaders\AdvancedShaders\AdvancedShaders\main.cpp(343,28): warning C4244: 'argument': conversion from 'double' to 'float', possible loss of data
  stb_image.cpp
  Generating Code...
glfw3.lib(context.obj) : warning LNK4099: PDB 'glfw.pdb' was not found with 'glfw3.lib(context.obj)' or at 'C:\Users\thoma\Documents\work\Advanced Shaders p16203335\AdvancedShaders\AdvancedShaders\Win32\Debug\glfw.pdb'; linking object as if no debug info
glfw3.lib(init.obj) : warning LNK4099: PDB 'glfw.pdb' was not found with 'glfw3.lib(init.obj)' or at 'C:\Users\thoma\Documents\work\Advanced Shaders p16203335\AdvancedShaders\AdvancedShaders\Win32\Debug\glfw.pdb'; linking object as if no debug info
glfw3.lib(input.obj) : warning LNK4099: PDB '' was not found with 'glfw3.lib(input.obj)' or at ''; linking object as if no debug info
glfw3.lib(monitor.obj) : warning LNK4099: PDB '' was not found with 'glfw3.lib(monitor.obj)' or at ''; linking object as if no debug info
glfw3.lib(vulkan.obj) : warning LNK4099: PDB 'glfw.pdb' was not found with 'glfw3.lib(vulkan.obj)' or at 'C:\Users\thoma\Documents\work\Advanced Shaders p16203335\AdvancedShaders\AdvancedShaders\Win32\Debug\glfw.pdb'; linking object as if no debug info
glfw3.lib(window.obj) : warning LNK4099: PDB 'glfw.pdb' was not found with 'glfw3.lib(window.obj)' or at 'C:\Users\thoma\Documents\work\Advanced Shaders p16203335\AdvancedShaders\AdvancedShaders\Win32\Debug\glfw.pdb'; linking object as if no debug info
glfw3.lib(win32_init.obj) : warning LNK4099: PDB 'glfw.pdb' was not found with 'glfw3.lib(win32_init.obj)' or at 'C:\Users\thoma\Documents\work\Advanced Shaders p16203335\AdvancedShaders\AdvancedShaders\Win32\Debug\glfw.pdb'; linking object as if no debug info
glfw3.lib(win32_joystick.obj) : warning LNK4099: PDB 'glfw.pdb' was not found with 'glfw3.lib(win32_joystick.obj)' or at 'C:\Users\thoma\Documents\work\Advanced Shaders p16203335\AdvancedShaders\AdvancedShaders\Win32\Debug\glfw.pdb'; linking object as if no debug info
glfw3.lib(win32_monitor.obj) : warning LNK4099: PDB 'glfw.pdb' was not found with 'glfw3.lib(win32_monitor.obj)' or at 'C:\Users\thoma\Documents\work\Advanced Shaders p16203335\AdvancedShaders\AdvancedShaders\Win32\Debug\glfw.pdb'; linking object as if no debug info
glfw3.lib(win32_time.obj) : warning LNK4099: PDB '' was not found with 'glfw3.lib(win32_time.obj)' or at ''; linking object as if no debug info
glfw3.lib(win32_thread.obj) : warning LNK4099: PDB 'glfw.pdb' was not found with 'glfw3.lib(win32_thread.obj)' or at 'C:\Users\thoma\Documents\work\Advanced Shaders p16203335\AdvancedShaders\AdvancedShaders\Win32\Debug\glfw.pdb'; linking object as if no debug info
glfw3.lib(win32_window.obj) : warning LNK4099: PDB 'glfw.pdb' was not found with 'glfw3.lib(win32_window.obj)' or at 'C:\Users\thoma\Documents\work\Advanced Shaders p16203335\AdvancedShaders\AdvancedShaders\Win32\Debug\glfw.pdb'; linking object as if no debug info
glfw3.lib(wgl_context.obj) : warning LNK4099: PDB '' was not found with 'glfw3.lib(wgl_context.obj)' or at ''; linking object as if no debug info
glfw3.lib(egl_context.obj) : warning LNK4099: PDB 'glfw.pdb' was not found with 'glfw3.lib(egl_context.obj)' or at 'C:\Users\thoma\Documents\work\Advanced Shaders p16203335\AdvancedShaders\AdvancedShaders\Win32\Debug\glfw.pdb'; linking object as if no debug info
glfw3.lib(osmesa_context.obj) : warning LNK4099: PDB 'glfw.pdb' was not found with 'glfw3.lib(osmesa_context.obj)' or at 'C:\Users\thoma\Documents\work\Advanced Shaders p16203335\AdvancedShaders\AdvancedShaders\Win32\Debug\glfw.pdb'; linking object as if no debug info
  AdvancedShaders.vcxproj -> C:\Users\thoma\Documents\work\Advanced Shaders p16203335\AdvancedShaders\AdvancedShaders\Win32\Debug\AdvancedShaders.exe
